app/build/outputs/logs/manifest-merger-debug-report.txt
-- Merging decision tree log ---
manifest
ADDED from src\main\AndroidManifest.xml:2:1-144:12
INJECTED from src\main\AndroidManifest.xml:2:1-144:12
INJECTED from src\main\AndroidManifest.xml:2:1-144:12
INJECTED from src\main\AndroidManifest.xml:2:1-144:12
INJECTED from src\main\AndroidManifest.xml:2:1-144:12
INJECTED from src\main\AndroidManifest.xml:2:1-144:12
INJECTED from src\main\AndroidManifest.xml:2:1-144:12
	package
		ADDED from src\main\AndroidManifest.xml:3:5-33
		INJECTED from src\main\AndroidManifest.xml
		INJECTED from src\main\AndroidManifest.xml
	android:versionName
		ADDED from src\main\AndroidManifest.xml:5:5-30
		INJECTED from src\main\AndroidManifest.xml
		INJECTED from src\main\AndroidManifest.xml
	xmlns:android
		ADDED from src\main\AndroidManifest.xml:2:11-69
	android:versionCode
		ADDED from src\main\AndroidManifest.xml:4:5-28
		INJECTED from src\main\AndroidManifest.xml
		INJECTED from src\main\AndroidManifest.xml
uses-sdk
ADDED from src\main\AndroidManifest.xml:7:5-43
INJECTED from src\main\AndroidManifest.xml:7:5-43
INJECTED from src\main\AndroidManifest.xml:7:5-43
INJECTED from src\main\AndroidManifest.xml:7:5-43
INJECTED from src\main\AndroidManifest.xml:7:5-43
	android:targetSdkVersion
		INJECTED from src\main\AndroidManifest.xml
		ADDED from src\main\AndroidManifest.xml:7:5-43
		INJECTED from src\main\AndroidManifest.xml
	android:minSdkVersion
		ADDED from src\main\AndroidManifest.xml:7:15-40
		INJECTED from src\main\AndroidManifest.xml
		INJECTED from src\main\AndroidManifest.xml
uses-permission#android.permission.INTERNET
ADDED from src\main\AndroidManifest.xml:9:5-67
	android:name
		ADDED from src\main\AndroidManifest.xml:9:22-64
uses-permission#android.permission.ACCESS_NETWORK_STATE
ADDED from src\main\AndroidManifest.xml:10:5-79
	android:name
		ADDED from src\main\AndroidManifest.xml:10:22-76
uses-permission#android.permission.WRITE_EXTERNAL_STORAGE
ADDED from src\main\AndroidManifest.xml:11:5-81
	android:name
		ADDED from src\main\AndroidManifest.xml:11:22-78
uses-permission#android.permission.CAMERA
ADDED from src\main\AndroidManifest.xml:14:5-65
	android:name
		ADDED from src\main\AndroidManifest.xml:14:22-62
uses-feature#android.hardware.camera
ADDED from src\main\AndroidManifest.xml:16:5-60
	android:name
		ADDED from src\main\AndroidManifest.xml:16:19-57
uses-permission#android.permission.RECORD_AUDIO
ADDED from src\main\AndroidManifest.xml:18:5-71
	android:name
		ADDED from src\main\AndroidManifest.xml:18:22-68
uses-permission#android.permission.ACCESS_FINE_LOCATION
ADDED from src\main\AndroidManifest.xml:19:5-79
	android:name
		ADDED from src\main\AndroidManifest.xml:19:22-76
application
ADDED from src\main\AndroidManifest.xml:21:5-142:19
	android:label
		ADDED from src\main\AndroidManifest.xml:24:9-41
	android:icon
		ADDED from src\main\AndroidManifest.xml:23:9-45
	android:allowBackup
		ADDED from src\main\AndroidManifest.xml:22:9-35
	android:theme
		ADDED from src\main\AndroidManifest.xml:25:9-40
activity#com.buma.designapp.MainMenu
ADDED from src\main\AndroidManifest.xml:26:9-34:20
	android:label
		ADDED from src\main\AndroidManifest.xml:28:13-45
	android:name
		ADDED from src\main\AndroidManifest.xml:27:13-55
intent-filter#android.intent.action.MAIN+android.intent.category.LAUNCHER
ADDED from src\main\AndroidManifest.xml:29:13-33:29
action#android.intent.action.MAIN
ADDED from src\main\AndroidManifest.xml:30:17-69
	android:name
		ADDED from src\main\AndroidManifest.xml:30:25-66
category#android.intent.category.LAUNCHER
ADDED from src\main\AndroidManifest.xml:32:17-77
	android:name
		ADDED from src\main\AndroidManifest.xml:32:27-74
activity#com.buma.designapp.ListActivity
ADDED from src\main\AndroidManifest.xml:35:9-38:20
	android:label
		ADDED from src\main\AndroidManifest.xml:37:13-45
	android:name
		ADDED from src\main\AndroidManifest.xml:36:13-59
activity#com.buma.designapp.GreenCardInput
ADDED from src\main\AndroidManifest.xml:39:9-42:20
	android:label
		ADDED from src\main\AndroidManifest.xml:41:13-57
	android:name
		ADDED from src\main\AndroidManifest.xml:40:13-61
activity#com.buma.designapp.GreenCardDataActivity
ADDED from src\main\AndroidManifest.xml:43:9-46:20
	android:label
		ADDED from src\main\AndroidManifest.xml:45:13-57
	android:name
		ADDED from src\main\AndroidManifest.xml:44:13-68
activity#com.buma.designapp.MenuActivity
ADDED from src\main\AndroidManifest.xml:47:9-50:20
	android:label
		ADDED from src\main\AndroidManifest.xml:49:13-57
	android:name
		ADDED from src\main\AndroidManifest.xml:48:13-59
activity#com.buma.designapp.ImagePickActivity
ADDED from src\main\AndroidManifest.xml:51:9-54:20
	android:label
		ADDED from src\main\AndroidManifest.xml:53:13-62
	android:name
		ADDED from src\main\AndroidManifest.xml:52:13-64
activity#com.buma.designapp.MapActivity
ADDED from src\main\AndroidManifest.xml:55:9-58:20
	android:label
		ADDED from src\main\AndroidManifest.xml:57:13-55
	android:name
		ADDED from src\main\AndroidManifest.xml:56:13-58
activity#com.buma.designapp.BumaActivity
ADDED from src\main\AndroidManifest.xml:59:9-62:20
	android:label
		ADDED from src\main\AndroidManifest.xml:61:13-56
	android:name
		ADDED from src\main\AndroidManifest.xml:60:13-59
activity#com.buma.designapp.LoginActivity
ADDED from src\main\AndroidManifest.xml:63:9-66:20
	android:label
		ADDED from src\main\AndroidManifest.xml:65:13-57
	android:name
		ADDED from src\main\AndroidManifest.xml:64:13-60
activity#com.buma.designapp.GreenCardActivity
ADDED from src\main\AndroidManifest.xml:67:9-71:20
	android:label
		ADDED from src\main\AndroidManifest.xml:69:13-62
	android:uiOptions
		ADDED from src\main\AndroidManifest.xml:70:13-57
	android:name
		ADDED from src\main\AndroidManifest.xml:68:13-64
activity#com.buma.designapp.ListGreenCard
ADDED from src\main\AndroidManifest.xml:72:9-75:20
	android:label
		ADDED from src\main\AndroidManifest.xml:74:13-67
	android:name
		ADDED from src\main\AndroidManifest.xml:73:13-60
activity#com.buma.designapp.TabGreenCard
ADDED from src\main\AndroidManifest.xml:76:9-79:20
	android:label
		ADDED from src\main\AndroidManifest.xml:78:13-66
	android:name
		ADDED from src\main\AndroidManifest.xml:77:13-59
activity#com.buma.designapp.GreenCardDetailActivity
ADDED from src\main\AndroidManifest.xml:80:9-84:20
	android:label
		ADDED from src\main\AndroidManifest.xml:82:13-69
	android:name
		ADDED from src\main\AndroidManifest.xml:81:13-70
activity#com.buma.designapp.TabGoldenRules
ADDED from src\main\AndroidManifest.xml:85:9-88:20
	android:label
		ADDED from src\main\AndroidManifest.xml:87:13-77
	android:name
		ADDED from src\main\AndroidManifest.xml:86:13-61
activity#com.buma.designapp.GoldenRules
ADDED from src\main\AndroidManifest.xml:89:9-92:20
	android:label
		ADDED from src\main\AndroidManifest.xml:91:13-64
	android:name
		ADDED from src\main\AndroidManifest.xml:90:13-58
activity#com.buma.designapp.HomeGoldenRules
ADDED from src\main\AndroidManifest.xml:93:9-99:20
	android:label
		ADDED from src\main\AndroidManifest.xml:95:13-69
	android:name
		ADDED from src\main\AndroidManifest.xml:94:13-62
meta-data#android.support.PARENT_ACTIVITY
ADDED from src\main\AndroidManifest.xml:96:13-98:66
	android:value
		ADDED from src\main\AndroidManifest.xml:98:17-63
	android:name
		ADDED from src\main\AndroidManifest.xml:97:17-63
activity#com.buma.designapp.GoldenRulesListPattern
ADDED from src\main\AndroidManifest.xml:100:9-103:20
	android:label
		ADDED from src\main\AndroidManifest.xml:102:13-77
	android:name
		ADDED from src\main\AndroidManifest.xml:101:13-69
activity#com.buma.designapp.GoldenRulesMeetView
ADDED from src\main\AndroidManifest.xml:104:9-110:20
	android:label
		ADDED from src\main\AndroidManifest.xml:106:13-74
	android:name
		ADDED from src\main\AndroidManifest.xml:105:13-66
activity#com.buma.designapp.GoldenRulesMeetViewDetail
ADDED from src\main\AndroidManifest.xml:111:9-117:20
	android:label
		ADDED from src\main\AndroidManifest.xml:113:13-81
	android:name
		ADDED from src\main\AndroidManifest.xml:112:13-72
activity#com.buma.designapp.GoldenRulesMeetViewSubDetail
ADDED from src\main\AndroidManifest.xml:118:9-124:20
	android:label
		ADDED from src\main\AndroidManifest.xml:120:13-85
	android:name
		ADDED from src\main\AndroidManifest.xml:119:13-75
activity#com.buma.designapp.GoldenRulesMainActivity
ADDED from src\main\AndroidManifest.xml:125:9-128:20
	android:label
		ADDED from src\main\AndroidManifest.xml:127:13-69
	android:name
		ADDED from src\main\AndroidManifest.xml:126:13-70
activity#com.buma.designapp.GoldenRulesWeekly
ADDED from src\main\AndroidManifest.xml:129:9-132:20
	android:label
		ADDED from src\main\AndroidManifest.xml:131:13-71
	android:name
		ADDED from src\main\AndroidManifest.xml:130:13-64
activity#com.buma.designapp.GoldenRulesMonthly
ADDED from src\main\AndroidManifest.xml:133:9-136:20
	android:label
		ADDED from src\main\AndroidManifest.xml:135:13-72
	android:name
		ADDED from src\main\AndroidManifest.xml:134:13-65
activity#com.buma.designapp.GoldenRulesMeetViewFillData
ADDED from src\main\AndroidManifest.xml:137:9-141:20
	android:label
		ADDED from src\main\AndroidManifest.xml:139:13-84
	android:uiOptions
		ADDED from src\main\AndroidManifest.xml:140:13-57
	android:name
		ADDED from src\main\AndroidManifest.xml:138:13-74